<?xml version="1.0" encoding="UTF-8"?>
<!-- Generated by org.testng.reporters.JUnitReportReporter -->
<testsuite hostname="DESKTOP-D886HJ1" failures="0" tests="1" name="Regression_Tests.Login_Validation" time="0.011" errors="0" timestamp="2025-02-21T10:17:31 IST" skipped="0">
  <testcase classname="Regression_Tests.Login_Validation" name="Login_Test" time="0.011"/>
  <system-out/>
</testsuite> <!-- Regression_Tests.Login_Validation -->
