<?xml version="1.0" encoding="UTF-8"?>
<!-- Generated by org.testng.reporters.JUnitReportReporter -->
<testsuite hostname="DESKTOP-D886HJ1" failures="0" tests="1" name="Regression_Tests.Change_Password" time="29.130" errors="0" timestamp="2025-02-20T11:01:01 IST" skipped="0">
  <testcase classname="Regression_Tests.Change_Password" name="Change_Password_Validation" time="29.130"/>
  <system-out/>
</testsuite> <!-- Regression_Tests.Change_Password -->
