<?xml version="1.0" encoding="UTF-8"?>
<!-- Generated by org.testng.reporters.JUnitReportReporter -->
<testsuite hostname="DESKTOP-D886HJ1" failures="0" tests="3" name="Regression_Tests.Resource_Library" time="23.804" errors="0" timestamp="2025-02-21T13:09:04 IST" skipped="0">
  <testcase classname="Regression_Tests.Resource_Library" name="Update_Resource_Bank" time="6.484"/>
  <system-out/>
  <testcase classname="Regression_Tests.Resource_Library" name="Delete_Resource_Bank" time="4.298"/>
  <system-out/>
  <testcase classname="Regression_Tests.Resource_Library" name="Add_Resource_Library_Validation" time="13.022"/>
  <system-out/>
</testsuite> <!-- Regression_Tests.Resource_Library -->
