<?xml version="1.0" encoding="UTF-8"?>
<!-- Generated by org.testng.reporters.JUnitReportReporter -->
<testsuite hostname="DESKTOP-D886HJ1" failures="0" tests="3" name="Regression_Tests.Historical_Proposals" time="29.333" errors="0" timestamp="2025-02-20T18:01:25 IST" skipped="0">
  <testcase classname="Regression_Tests.Historical_Proposals" name="Delete_Proposal_Validation" time="3.250"/>
  <system-out/>
  <testcase classname="Regression_Tests.Historical_Proposals" name="Add_Proposal_Validation" time="17.328"/>
  <system-out/>
  <testcase classname="Regression_Tests.Historical_Proposals" name="Update_Proposal_Validation" time="8.755"/>
  <system-out/>
</testsuite> <!-- Regression_Tests.Historical_Proposals -->
